SF:lib\data\datasources\tv_local_data_source.dart
DA:16,1
DA:18,1
DA:20,2
DA:22,1
DA:28,1
DA:30,2
DA:31,4
DA:34,1
DA:37,2
DA:40,2
DA:44,1
DA:47,2
DA:50,2
LF:13
LH:13
end_of_record
SF:lib\data\models\tv_table.dart
DA:12,20
DA:19,2
DA:20,1
DA:21,1
DA:22,1
DA:23,1
DA:26,2
DA:27,1
DA:28,1
DA:29,1
DA:30,1
DA:33,0
DA:34,0
DA:35,0
DA:36,0
DA:37,0
DA:40,2
DA:41,1
DA:42,1
DA:43,1
DA:44,1
DA:47,2
DA:48,10
LF:23
LH:18
end_of_record
SF:lib\domain\entities\episode.dart
DA:4,21
DA:29,3
DA:30,3
DA:31,3
DA:32,3
DA:33,3
DA:34,3
DA:35,3
DA:36,3
DA:37,3
DA:38,3
DA:39,3
DA:40,3
LF:13
LH:13
end_of_record
SF:lib\domain\entities\genre.dart
DA:4,21
DA:12,3
DA:13,9
LF:3
LH:3
end_of_record
SF:lib\domain\entities\season.dart
DA:4,21
DA:22,3
DA:23,3
DA:24,3
DA:25,3
DA:26,3
DA:27,3
DA:28,3
DA:29,3
DA:30,3
LF:10
LH:10
end_of_record
SF:lib\domain\entities\tv.dart
DA:5,12
DA:20,1
DA:40,7
DA:41,7
DA:42,7
DA:43,7
DA:44,7
DA:45,7
DA:46,7
DA:47,7
DA:48,7
DA:49,7
DA:50,7
DA:51,7
DA:52,7
DA:53,7
LF:16
LH:16
end_of_record
SF:lib\domain\entities\tv_detail.dart
DA:6,19
DA:36,2
DA:37,2
DA:38,2
DA:39,2
DA:40,2
DA:41,2
DA:42,2
DA:43,2
DA:44,2
DA:45,2
DA:46,2
DA:47,2
DA:48,2
DA:49,2
DA:50,2
LF:16
LH:16
end_of_record
SF:lib\domain\entities\tv_season_detail.dart
DA:6,19
DA:26,2
DA:27,2
DA:28,2
DA:29,2
DA:30,2
DA:31,2
DA:32,2
DA:33,2
DA:34,2
DA:35,2
LF:11
LH:11
end_of_record
SF:lib\data\datasources\db\tv_database_helper.dart
DA:10,0
DA:14,0
DA:18,0
DA:19,0
DA:25,0
DA:26,0
DA:27,0
DA:29,0
DA:33,0
DA:34,0
DA:41,0
DA:44,0
DA:45,0
DA:46,0
DA:49,0
DA:50,0
DA:51,0
DA:54,0
DA:58,0
DA:59,0
DA:60,0
DA:63,0
DA:66,0
DA:67,0
DA:73,0
DA:74,0
DA:75,0
LF:27
LH:0
end_of_record
SF:lib\data\datasources\tv_remote_data_source.dart
DA:28,1
DA:30,1
DA:33,4
DA:34,2
DA:35,4
DA:37,1
DA:41,1
DA:44,4
DA:46,2
DA:47,4
DA:49,1
DA:53,1
DA:56,4
DA:58,2
DA:59,4
DA:61,1
DA:65,1
DA:67,4
DA:69,2
DA:70,3
DA:72,1
DA:76,1
DA:78,1
DA:79,3
DA:81,2
DA:82,4
DA:84,1
DA:88,1
DA:90,1
DA:91,3
DA:93,2
DA:94,4
DA:96,1
DA:100,1
DA:103,4
DA:105,2
DA:106,3
DA:108,1
LF:38
LH:38
end_of_record
SF:lib\data\models\tv_detail_model.dart
DA:8,2
DA:37,1
DA:38,1
DA:39,1
DA:40,1
DA:41,4
DA:42,1
DA:43,1
DA:44,2
DA:45,2
DA:46,1
DA:47,1
DA:48,1
DA:49,1
DA:50,1
DA:51,1
DA:52,1
DA:53,4
DA:56,0
DA:57,0
DA:58,0
DA:59,0
DA:60,0
DA:61,0
DA:62,0
DA:63,0
DA:64,0
DA:65,0
DA:66,0
DA:67,0
DA:68,0
DA:69,0
DA:72,1
DA:73,1
DA:74,1
DA:75,5
DA:76,1
DA:77,1
DA:78,1
DA:79,1
DA:80,1
DA:81,1
DA:82,1
DA:83,1
DA:84,1
DA:85,5
DA:86,1
DA:90,1
DA:91,1
DA:92,1
DA:93,1
DA:94,1
DA:95,1
DA:96,1
DA:97,1
DA:98,1
DA:99,1
DA:100,1
DA:101,1
DA:102,1
DA:103,1
DA:104,1
LF:62
LH:48
end_of_record
SF:lib\data\models\tv_model.dart
DA:6,5
DA:33,4
DA:34,2
DA:35,8
DA:36,2
DA:37,2
DA:38,4
DA:39,4
DA:40,2
DA:41,2
DA:42,2
DA:43,2
DA:44,2
DA:45,2
DA:47,2
DA:48,1
DA:49,4
DA:50,1
DA:51,1
DA:52,1
DA:53,1
DA:54,1
DA:55,1
DA:56,1
DA:57,1
DA:58,1
DA:59,1
DA:62,2
DA:63,2
DA:64,2
DA:65,2
DA:66,2
DA:67,2
DA:68,2
DA:69,2
DA:70,2
DA:71,2
DA:72,2
DA:73,2
DA:74,2
DA:75,2
DA:79,2
DA:80,2
DA:81,2
DA:82,2
DA:83,2
DA:84,2
DA:85,2
DA:86,2
DA:87,2
DA:88,2
DA:89,2
DA:90,2
DA:91,2
DA:92,2
LF:55
LH:55
end_of_record
SF:lib\data\models\tv_season_detail_model.dart
DA:7,2
DA:27,1
DA:28,1
DA:29,1
DA:30,1
DA:31,1
DA:32,4
DA:33,1
DA:34,1
DA:35,1
DA:36,1
DA:37,1
DA:40,0
DA:41,0
DA:42,0
DA:43,0
DA:44,0
DA:45,0
DA:46,0
DA:47,0
DA:48,0
DA:51,1
DA:52,1
DA:53,1
DA:54,1
DA:55,5
DA:56,1
DA:57,1
DA:58,1
DA:59,1
DA:60,1
DA:64,1
DA:65,1
DA:66,1
DA:67,1
DA:68,1
DA:69,1
DA:70,1
DA:71,1
DA:72,1
DA:73,1
LF:41
LH:32
end_of_record
SF:lib\data\models\tv_response.dart
DA:7,3
DA:9,4
DA:10,4
DA:11,6
DA:12,6
DA:15,2
DA:16,5
DA:19,1
DA:20,2
LF:9
LH:9
end_of_record
SF:lib\data\models\episode_model.dart
DA:6,3
DA:30,1
DA:31,1
DA:32,1
DA:33,1
DA:34,1
DA:35,1
DA:36,1
DA:37,1
DA:38,1
DA:39,1
DA:40,2
DA:41,1
DA:44,0
DA:45,0
DA:46,0
DA:47,0
DA:48,0
DA:49,0
DA:50,0
DA:51,0
DA:52,0
DA:53,0
DA:54,0
DA:57,2
DA:58,2
DA:59,2
DA:60,2
DA:61,2
DA:62,2
DA:63,2
DA:64,2
DA:65,2
DA:66,2
DA:67,2
DA:68,2
DA:72,1
DA:73,1
DA:74,1
DA:75,1
DA:76,1
DA:77,1
DA:78,1
DA:79,1
DA:80,1
DA:81,1
DA:82,1
DA:83,1
LF:48
LH:37
end_of_record
SF:lib\data\models\genre_model.dart
DA:5,3
DA:13,2
DA:14,1
DA:15,1
DA:18,0
DA:19,0
DA:20,0
DA:23,2
DA:24,6
DA:27,1
DA:28,3
LF:11
LH:8
end_of_record
SF:lib\data\models\season_model.dart
DA:6,3
DA:24,2
DA:25,1
DA:26,1
DA:27,1
DA:28,1
DA:29,1
DA:30,1
DA:31,1
DA:34,0
DA:35,0
DA:36,0
DA:37,0
DA:38,0
DA:39,0
DA:40,0
DA:41,0
DA:44,2
DA:45,2
DA:46,2
DA:47,2
DA:48,2
DA:49,2
DA:50,2
DA:51,2
DA:52,2
DA:56,1
DA:57,1
DA:58,1
DA:59,1
DA:60,1
DA:61,1
DA:62,1
DA:63,1
DA:64,1
LF:35
LH:27
end_of_record
SF:lib\data\repositories\tv_repository_impl.dart
DA:19,1
DA:25,1
DA:28,2
DA:29,5
DA:30,1
DA:32,1
DA:37,1
DA:40,2
DA:41,5
DA:42,1
DA:44,1
DA:49,1
DA:52,2
DA:53,5
DA:54,1
DA:56,1
DA:61,1
DA:64,2
DA:65,2
DA:66,1
DA:68,1
DA:73,1
DA:76,2
DA:77,3
DA:78,1
DA:80,1
DA:85,1
DA:87,2
DA:88,5
DA:91,1
DA:93,2
DA:97,1
DA:101,3
DA:102,1
DA:103,1
DA:104,3
DA:108,1
DA:112,3
DA:113,1
DA:114,1
DA:115,3
DA:121,1
DA:124,2
DA:125,5
DA:126,1
DA:128,1
DA:133,1
DA:137,2
DA:138,2
DA:139,1
DA:141,1
LF:51
LH:51
end_of_record
SF:lib\domain\usecases\get_now_playing_tv.dart
DA:10,1
DA:12,1
DA:13,2
LF:3
LH:3
end_of_record
SF:lib\domain\usecases\get_popular_tv.dart
DA:10,1
DA:12,1
DA:13,2
LF:3
LH:3
end_of_record
SF:lib\domain\usecases\get_top_rated_tv.dart
DA:10,1
DA:12,1
DA:13,2
LF:3
LH:3
end_of_record
SF:lib\domain\usecases\get_tv_detail.dart
DA:10,1
DA:12,1
DA:13,2
LF:3
LH:3
end_of_record
SF:lib\domain\usecases\get_tv_recommendations.dart
DA:10,1
DA:12,1
DA:13,2
LF:3
LH:3
end_of_record
SF:lib\domain\usecases\get_tv_season_detail.dart
DA:11,1
DA:13,1
DA:14,2
LF:3
LH:3
end_of_record
SF:lib\domain\usecases\get_watchlist_status_tv.dart
DA:6,1
DA:8,1
DA:9,2
LF:3
LH:3
end_of_record
SF:lib\domain\usecases\get_watchlist_tv.dart
DA:10,1
DA:12,1
DA:13,2
LF:3
LH:3
end_of_record
SF:lib\domain\usecases\remove_watchlist_tv.dart
DA:10,1
DA:12,1
DA:13,2
LF:3
LH:3
end_of_record
SF:lib\domain\usecases\save_watchlist_tv.dart
DA:10,1
DA:12,1
DA:13,2
LF:3
LH:3
end_of_record
SF:lib\domain\usecases\search_tv.dart
DA:10,1
DA:12,1
DA:13,2
LF:3
LH:3
end_of_record
SF:lib\presentation\bloc\tv\tv_detail_bloc\tv_detail_event.dart
DA:4,2
DA:6,0
DA:7,0
DA:13,2
DA:15,0
DA:16,0
LF:6
LH:2
end_of_record
SF:lib\presentation\bloc\tv\tv_detail_bloc\tv_detail_state.dart
DA:4,1
DA:5,1
DA:15,2
DA:17,1
DA:18,2
DA:24,1
DA:26,1
DA:27,2
LF:8
LH:8
end_of_record
SF:lib\presentation\bloc\tv\tv_detail_bloc\tv_detail_bloc.dart
DA:13,1
DA:15,2
DA:16,2
DA:17,1
DA:18,2
DA:19,2
DA:20,1
DA:21,1
DA:22,3
DA:24,1
DA:25,2
LF:11
LH:11
end_of_record
SF:lib\presentation\bloc\tv\tv_now_playing_bloc\tv_now_playing_bloc.dart
DA:13,3
DA:14,2
DA:15,2
DA:16,2
DA:18,1
DA:19,1
DA:20,3
DA:22,1
DA:23,1
DA:24,0
DA:26,2
LF:11
LH:10
end_of_record
SF:lib\presentation\bloc\tv\tv_now_playing_bloc\tv_now_playing_state.dart
DA:5,1
DA:6,1
DA:16,2
DA:18,1
DA:19,2
DA:25,2
DA:27,1
DA:28,1
LF:8
LH:8
end_of_record
SF:lib\presentation\bloc\tv\tv_now_playing_bloc\tv_now_playing_event.dart
DA:4,2
DA:6,0
DA:7,0
LF:3
LH:1
end_of_record
SF:lib\presentation\bloc\tv\tv_popular_bloc\tv_popular_bloc.dart
DA:13,3
DA:14,2
DA:15,2
DA:16,2
DA:18,1
DA:19,1
DA:20,3
DA:22,1
DA:23,1
DA:24,0
DA:26,2
LF:11
LH:10
end_of_record
SF:lib\presentation\bloc\tv\tv_popular_bloc\tv_popular_state.dart
DA:5,1
DA:6,1
DA:16,2
DA:18,1
DA:19,2
DA:25,2
DA:27,1
DA:28,1
LF:8
LH:8
end_of_record
SF:lib\presentation\bloc\tv\tv_popular_bloc\tv_popular_event.dart
DA:4,2
DA:6,0
DA:7,0
LF:3
LH:1
end_of_record
SF:lib\presentation\bloc\tv\tv_recommendations_bloc\tv_recommendations_event.dart
DA:4,1
DA:6,0
DA:7,0
DA:13,1
DA:15,0
DA:16,0
LF:6
LH:2
end_of_record
SF:lib\presentation\bloc\tv\tv_recommendations_bloc\tv_recommendations_state.dart
DA:5,0
DA:6,0
DA:16,1
DA:18,0
DA:19,0
DA:25,0
DA:27,0
DA:28,0
LF:8
LH:1
end_of_record
SF:lib\presentation\bloc\tv\tv_recommendations_bloc\tv_recommendations_bloc.dart
DA:14,0
DA:16,0
DA:17,0
DA:18,0
DA:19,0
DA:20,0
DA:21,0
DA:22,0
DA:23,0
DA:25,0
DA:26,0
LF:11
LH:0
end_of_record
SF:lib\presentation\bloc\tv\tv_search_bloc\tv_search_state.dart
DA:4,1
DA:5,1
DA:15,1
DA:17,1
DA:18,2
DA:24,1
DA:26,1
DA:27,1
LF:8
LH:8
end_of_record
SF:lib\presentation\bloc\tv\tv_search_bloc\tv_search_event.dart
DA:4,1
DA:6,0
DA:7,0
DA:13,1
DA:15,0
DA:16,0
DA:19,1
DA:20,3
LF:8
LH:4
end_of_record
SF:lib\presentation\bloc\tv\tv_search_bloc\tv_search_bloc.dart
DA:15,3
DA:16,2
DA:17,1
DA:19,2
DA:20,2
DA:22,1
DA:23,1
DA:24,3
DA:26,1
DA:27,1
DA:28,0
DA:30,2
DA:34,1
DA:36,1
DA:37,0
DA:38,0
LF:16
LH:13
end_of_record
SF:lib\presentation\bloc\tv\tv_season_detail_bloc\tv_season_detail_state.dart
DA:4,1
DA:5,1
DA:15,1
DA:17,1
DA:18,2
DA:24,1
DA:26,1
DA:27,2
LF:8
LH:8
end_of_record
SF:lib\presentation\bloc\tv\tv_season_detail_bloc\tv_season_detail_event.dart
DA:4,1
DA:6,0
DA:7,0
DA:14,1
DA:16,0
DA:17,0
LF:6
LH:2
end_of_record
SF:lib\presentation\bloc\tv\tv_season_detail_bloc\tv_season_detail_bloc.dart
DA:13,1
DA:15,2
DA:16,2
DA:17,1
DA:18,1
DA:19,2
DA:20,2
DA:21,1
DA:22,1
DA:23,3
DA:25,1
DA:26,2
LF:12
LH:12
end_of_record
SF:lib\presentation\bloc\tv\tv_top_rated_bloc\tv_top_rated_state.dart
DA:5,1
DA:6,1
DA:16,2
DA:18,1
DA:19,2
DA:25,2
DA:27,1
DA:28,1
LF:8
LH:8
end_of_record
SF:lib\presentation\bloc\tv\tv_top_rated_bloc\tv_top_rated_event.dart
DA:4,2
DA:6,0
DA:7,0
LF:3
LH:1
end_of_record
SF:lib\presentation\bloc\tv\tv_top_rated_bloc\tv_top_rated_bloc.dart
DA:13,3
DA:14,2
DA:15,2
DA:16,2
DA:18,1
DA:19,1
DA:20,3
DA:22,1
DA:23,1
DA:24,0
DA:26,2
LF:11
LH:10
end_of_record
SF:lib\presentation\bloc\tv\tv_watchlist_bloc\tv_watchlist_event.dart
DA:4,3
DA:6,0
DA:7,0
DA:17,1
DA:19,0
DA:20,0
DA:27,1
DA:29,0
DA:30,0
DA:37,2
DA:39,0
DA:40,0
LF:12
LH:4
end_of_record
SF:lib\presentation\bloc\tv\tv_watchlist_bloc\tv_watchlist_bloc.dart
DA:23,1
DA:28,2
DA:30,2
DA:31,2
DA:33,2
DA:35,6
DA:36,1
DA:37,0
DA:39,2
DA:44,2
DA:45,1
DA:46,2
DA:47,2
DA:48,2
DA:51,2
DA:52,1
DA:53,2
DA:54,2
DA:55,1
DA:56,4
DA:57,3
DA:61,2
DA:62,1
DA:63,2
DA:64,2
DA:65,1
DA:66,4
DA:67,3
LF:28
LH:27
end_of_record
SF:lib\presentation\bloc\tv\tv_watchlist_bloc\tv_watchlist_state.dart
DA:4,4
DA:6,1
DA:7,1
DA:17,2
DA:19,1
DA:20,2
DA:26,1
DA:28,1
DA:29,2
DA:35,2
DA:37,1
DA:38,2
DA:44,3
DA:46,1
DA:47,2
LF:15
LH:15
end_of_record
SF:lib\presentation\pages\tv\episode_tv_page.dart
DA:12,0
DA:14,0
DA:15,0
DA:19,0
DA:21,0
DA:22,0
DA:23,0
DA:24,0
DA:25,0
DA:29,0
DA:31,0
DA:32,0
DA:33,0
DA:34,0
DA:38,0
DA:39,0
DA:40,0
DA:41,0
DA:45,0
DA:46,0
DA:48,0
DA:58,0
DA:60,0
DA:62,0
DA:63,0
DA:64,0
DA:66,0
DA:68,0
DA:69,0
DA:70,0
DA:71,0
LF:31
LH:0
end_of_record
SF:lib\presentation\widgets\episode_card_list.dart
DA:11,0
DA:14,0
DA:16,0
DA:18,0
DA:19,0
DA:20,0
DA:22,0
DA:23,0
DA:24,0
DA:30,0
DA:32,0
DA:33,0
DA:34,0
DA:35,0
DA:36,0
DA:37,0
DA:40,0
DA:41,0
DA:42,0
DA:45,0
DA:50,0
DA:51,0
DA:53,0
DA:54,0
DA:55,0
DA:56,0
DA:64,0
DA:69,0
DA:71,0
DA:72,0
DA:77,0
DA:83,0
LF:32
LH:0
end_of_record
SF:lib\presentation\pages\tv\home_tv_page.dart
DA:18,0
DA:20,0
DA:21,0
DA:25,0
DA:27,0
DA:28,0
DA:29,0
DA:30,0
DA:31,0
DA:35,0
DA:37,0
DA:38,0
DA:39,0
DA:40,0
DA:52,0
DA:55,0
DA:56,0
DA:59,0
DA:62,0
DA:63,0
DA:66,0
DA:69,0
DA:70,0
DA:73,0
DA:74,0
DA:75,0
DA:83,0
DA:85,0
DA:86,0
DA:87,0
DA:88,0
DA:94,0
DA:96,0
DA:97,0
DA:99,0
DA:100,0
DA:102,0
DA:103,0
DA:105,0
DA:106,0
DA:107,0
DA:111,0
DA:112,0
DA:113,0
DA:114,0
DA:115,0
DA:120,0
DA:124,0
DA:126,0
DA:127,0
DA:129,0
DA:130,0
DA:131,0
DA:135,0
DA:136,0
DA:137,0
DA:138,0
DA:139,0
DA:144,0
DA:148,0
DA:150,0
DA:151,0
DA:153,0
DA:154,0
DA:155,0
DA:159,0
DA:160,0
DA:161,0
DA:162,0
DA:163,0
DA:168,0
DA:179,0
DA:180,0
DA:182,0
DA:183,0
DA:184,0
DA:186,0
DA:189,0
DA:191,0
DA:193,0
DA:206,0
DA:208,0
DA:210,0
DA:212,0
DA:214,0
DA:215,0
DA:216,0
DA:218,0
DA:219,0
DA:220,0
DA:223,0
DA:226,0
DA:228,0
DA:229,0
DA:230,0
DA:233,0
DA:239,0
LF:97
LH:0
end_of_record
SF:lib\presentation\pages\tv\now_playing_tv_page.dart
DA:10,1
DA:12,1
DA:13,1
DA:17,1
DA:19,1
DA:20,2
DA:21,4
DA:24,1
DA:26,1
DA:27,1
DA:30,1
DA:32,1
DA:33,1
DA:34,1
DA:38,1
DA:39,1
DA:40,1
DA:43,1
DA:44,1
DA:45,1
DA:47,1
DA:49,1
DA:50,1
DA:52,2
DA:53,0
DA:58,0
LF:26
LH:24
end_of_record
SF:lib\presentation\widgets\tv_card_list.dart
DA:13,6
DA:15,3
DA:17,3
DA:19,3
DA:20,0
DA:21,0
DA:24,0
DA:27,3
DA:29,3
DA:30,3
DA:31,3
DA:37,3
DA:39,3
DA:40,3
DA:41,6
DA:44,3
DA:47,3
DA:48,6
DA:56,3
DA:61,3
DA:63,3
DA:64,9
DA:66,3
DA:72,0
LF:24
LH:20
end_of_record
SF:lib\presentation\pages\tv\popular_tv_page.dart
DA:10,1
DA:12,1
DA:13,1
DA:17,1
DA:19,1
DA:20,2
DA:21,4
DA:24,1
DA:26,1
DA:27,1
DA:30,1
DA:32,1
DA:33,1
DA:34,1
DA:38,1
DA:39,1
DA:40,1
DA:43,1
DA:44,1
DA:45,1
DA:47,1
DA:49,1
DA:50,1
DA:52,2
DA:54,0
DA:59,0
LF:26
LH:24
end_of_record
SF:lib\presentation\pages\tv\search_tv_page.dart
DA:13,30
DA:15,0
DA:16,0
DA:21,0
DA:23,0
DA:24,0
DA:25,0
DA:28,0
DA:30,0
DA:31,0
DA:32,0
DA:34,0
DA:36,0
DA:37,0
DA:38,0
DA:39,0
DA:41,0
DA:42,0
DA:52,0
DA:54,0
DA:56,0
DA:57,0
DA:58,0
DA:62,0
DA:63,0
DA:64,0
DA:67,0
DA:68,0
DA:69,0
DA:71,0
DA:73,0
DA:74,0
DA:75,0
DA:76,0
DA:77,0
DA:80,0
LF:36
LH:1
end_of_record
SF:lib\presentation\pages\tv\season_tv_page.dart
DA:15,0
DA:17,0
DA:18,0
DA:22,0
DA:24,0
DA:25,0
DA:26,0
DA:30,0
DA:32,0
DA:33,0
DA:34,0
DA:35,0
DA:39,0
DA:40,0
DA:41,0
DA:42,0
DA:46,0
DA:47,0
DA:49,0
DA:59,0
DA:61,0
DA:63,0
DA:64,0
DA:65,0
DA:67,0
DA:69,0
DA:70,0
DA:71,0
DA:72,0
DA:73,0
DA:74,0
DA:75,0
DA:76,0
DA:77,0
DA:80,0
LF:35
LH:0
end_of_record
SF:lib\presentation\widgets\season_card_list.dart
DA:13,0
DA:15,0
DA:17,0
DA:19,0
DA:21,0
DA:22,0
DA:23,0
DA:29,0
DA:31,0
DA:32,0
DA:33,0
DA:36,0
DA:38,0
DA:39,0
DA:40,0
DA:41,0
DA:46,0
DA:47,0
DA:52,0
DA:53,0
DA:61,0
DA:66,0
DA:68,0
DA:69,0
DA:71,0
DA:77,0
LF:26
LH:0
end_of_record
SF:lib\presentation\pages\tv\top_rated_tv_page.dart
DA:10,1
DA:12,1
DA:13,1
DA:17,1
DA:19,1
DA:20,1
DA:21,5
DA:24,1
DA:26,1
DA:27,1
DA:30,1
DA:32,1
DA:33,1
DA:34,1
DA:38,1
DA:39,1
DA:40,1
DA:43,1
DA:44,1
DA:45,1
DA:47,1
DA:49,1
DA:50,1
DA:52,2
DA:54,0
DA:59,0
LF:26
LH:24
end_of_record
SF:lib\presentation\pages\tv\tv_detail_page.dart
DA:23,1
DA:25,1
DA:26,1
DA:30,1
DA:32,1
DA:33,2
DA:34,6
DA:35,1
DA:36,1
DA:37,4
DA:38,1
DA:39,1
DA:40,4
DA:45,1
DA:47,2
DA:48,1
DA:49,1
DA:50,1
DA:54,1
DA:55,1
DA:56,1
DA:57,1
DA:61,1
DA:62,1
DA:63,1
DA:64,1
DA:69,0
DA:70,0
DA:72,0
DA:83,2
DA:85,1
DA:87,3
DA:88,1
DA:89,1
DA:90,1
DA:91,3
DA:93,1
DA:96,0
DA:98,1
DA:100,1
DA:101,1
DA:102,1
DA:112,1
DA:113,1
DA:114,1
DA:116,1
DA:118,1
DA:120,1
DA:121,1
DA:122,2
DA:123,1
DA:125,1
DA:126,0
DA:127,0
DA:129,0
DA:130,0
DA:132,0
DA:133,0
DA:138,0
DA:139,0
DA:140,0
DA:141,0
DA:145,0
DA:150,0
DA:151,0
DA:152,0
DA:153,0
DA:154,0
DA:158,0
DA:159,0
DA:161,0
DA:163,0
DA:164,0
DA:165,0
DA:170,1
DA:172,1
DA:173,1
DA:180,1
DA:181,3
DA:183,1
DA:184,1
DA:185,1
DA:186,3
DA:188,1
DA:194,4
DA:198,1
DA:200,1
DA:202,1
DA:203,2
DA:206,1
DA:208,1
DA:210,1
DA:213,1
DA:214,3
DA:215,4
DA:216,1
DA:218,1
DA:220,1
DA:221,0
DA:222,0
DA:225,0
DA:230,1
DA:232,1
DA:234,1
DA:236,1
DA:237,1
DA:241,1
DA:242,1
DA:244,1
DA:246,1
DA:247,2
DA:248,1
DA:250,1
DA:251,0
DA:252,0
DA:255,0
DA:258,1
DA:262,1
DA:264,2
DA:265,1
DA:273,0
DA:286,2
DA:289,0
DA:290,0
DA:291,0
DA:296,0
DA:303,1
DA:305,1
DA:318,1
DA:320,1
DA:323,1
DA:325,0
DA:326,0
DA:335,1
DA:337,2
DA:338,3
DA:340,1
DA:343,3
DA:346,1
DA:347,1
DA:348,1
DA:352,1
DA:354,1
DA:355,1
DA:359,1
DA:361,2
DA:363,1
DA:369,0
DA:375,1
DA:376,1
DA:378,1
DA:380,1
DA:381,1
DA:382,2
DA:384,1
DA:385,1
DA:386,1
DA:387,2
DA:392,1
DA:393,2
DA:398,1
DA:399,1
LF:162
LH:122
end_of_record
SF:lib\presentation\pages\tv\watchlist_tv_page.dart
DA:13,30
DA:15,0
DA:16,0
DA:20,0
DA:22,0
DA:23,0
DA:24,0
DA:25,0
DA:26,0
DA:29,0
DA:31,0
DA:32,0
DA:35,0
DA:37,0
DA:38,0
DA:39,0
DA:42,0
DA:44,0
DA:45,0
DA:47,0
DA:48,0
DA:49,0
DA:53,0
DA:54,0
DA:55,0
DA:58,0
DA:59,0
DA:60,0
DA:62,0
DA:64,0
DA:65,0
DA:66,0
DA:67,0
DA:68,0
DA:69,0
DA:70,0
DA:72,0
DA:74,0
DA:80,0
DA:88,0
DA:90,0
DA:91,0
LF:42
LH:1
end_of_record
