SF:lib\common\failure.dart
DA:6,8
DA:8,0
DA:9,0
DA:13,16
DA:17,0
DA:21,0
LF:6
LH:2
end_of_record
SF:lib\domain\entities\movie.dart
DA:5,4
DA:21,0
DA:42,4
DA:43,4
DA:44,4
DA:45,4
DA:46,4
DA:47,4
DA:48,4
DA:49,4
DA:50,4
DA:51,4
DA:52,4
DA:53,4
DA:54,4
DA:55,4
DA:56,4
LF:17
LH:16
end_of_record
SF:lib\domain\usecases\get_now_playing_movies.dart
DA:9,0
DA:11,0
DA:12,0
LF:3
LH:0
end_of_record
SF:lib\presentation\bloc\movies\movies_now_playing_bloc\movies_now_playing_event.dart
DA:4,1
DA:6,0
DA:7,0
LF:3
LH:1
end_of_record
SF:lib\presentation\bloc\movies\movies_now_playing_bloc\movies_now_playing_state.dart
DA:5,1
DA:6,1
DA:16,1
DA:18,1
DA:19,2
DA:25,1
DA:27,1
DA:28,1
LF:8
LH:8
end_of_record
SF:lib\presentation\bloc\movies\movies_now_playing_bloc\movies_now_playing_bloc.dart
DA:12,3
DA:13,2
DA:14,2
DA:15,2
DA:17,1
DA:18,1
DA:19,3
DA:21,1
DA:22,1
DA:23,0
DA:25,2
LF:11
LH:10
end_of_record
SF:lib\domain\entities\episode.dart
DA:4,0
DA:29,0
DA:30,0
DA:31,0
DA:32,0
DA:33,0
DA:34,0
DA:35,0
DA:36,0
DA:37,0
DA:38,0
DA:39,0
DA:40,0
LF:13
LH:0
end_of_record
SF:lib\domain\entities\genre.dart
DA:4,0
DA:12,0
DA:13,0
LF:3
LH:0
end_of_record
SF:lib\domain\entities\movie_detail.dart
DA:5,0
DA:33,0
DA:34,0
DA:35,0
DA:36,0
DA:37,0
DA:38,0
DA:39,0
DA:40,0
DA:41,0
DA:42,0
DA:43,0
DA:44,0
DA:45,0
LF:14
LH:0
end_of_record
SF:lib\domain\entities\season.dart
DA:4,0
DA:22,0
DA:23,0
DA:24,0
DA:25,0
DA:26,0
DA:27,0
DA:28,0
DA:29,0
DA:30,0
LF:10
LH:0
end_of_record
SF:lib\domain\entities\tv.dart
DA:5,4
DA:20,0
DA:40,4
DA:41,4
DA:42,4
DA:43,4
DA:44,4
DA:45,4
DA:46,4
DA:47,4
DA:48,4
DA:49,4
DA:50,4
DA:51,4
DA:52,4
DA:53,4
LF:16
LH:15
end_of_record
SF:lib\domain\entities\tv_detail.dart
DA:7,0
DA:37,0
DA:38,0
DA:39,0
DA:40,0
DA:41,0
DA:42,0
DA:43,0
DA:44,0
DA:45,0
DA:46,0
DA:47,0
DA:48,0
DA:49,0
DA:50,0
DA:51,0
LF:16
LH:0
end_of_record
SF:lib\domain\entities\tv_season_detail.dart
DA:6,0
DA:26,0
DA:27,0
DA:28,0
DA:29,0
DA:30,0
DA:31,0
DA:32,0
DA:33,0
DA:34,0
DA:35,0
LF:11
LH:0
end_of_record
SF:lib\domain\usecases\search_movies.dart
DA:9,0
DA:11,0
DA:12,0
LF:3
LH:0
end_of_record
SF:lib\presentation\bloc\movies\movies_search_bloc\movies_search_event.dart
DA:4,1
DA:6,0
DA:7,0
DA:13,1
DA:15,0
DA:16,0
DA:19,1
DA:20,3
LF:8
LH:4
end_of_record
SF:lib\presentation\bloc\movies\movies_search_bloc\movies_search_state.dart
DA:4,1
DA:5,1
DA:15,1
DA:17,1
DA:18,2
DA:24,1
DA:26,1
DA:27,1
LF:8
LH:8
end_of_record
SF:lib\presentation\bloc\movies\movies_search_bloc\movies_search_bloc.dart
DA:15,3
DA:16,2
DA:17,1
DA:19,2
DA:20,2
DA:22,1
DA:23,1
DA:24,3
DA:26,1
DA:27,1
DA:28,0
DA:30,2
DA:34,1
DA:36,1
DA:37,0
DA:38,0
LF:16
LH:13
end_of_record
SF:lib\domain\usecases\get_popular_movies.dart
DA:9,0
DA:11,0
DA:12,0
LF:3
LH:0
end_of_record
SF:lib\presentation\bloc\movies\movies_popular_bloc\movies_popular_state.dart
DA:5,1
DA:6,1
DA:16,1
DA:18,1
DA:19,2
DA:25,1
DA:27,1
DA:28,1
LF:8
LH:8
end_of_record
SF:lib\presentation\bloc\movies\movies_popular_bloc\movies_popular_bloc.dart
DA:13,3
DA:14,2
DA:15,2
DA:16,2
DA:18,1
DA:19,1
DA:20,3
DA:22,1
DA:23,1
DA:24,0
DA:26,2
LF:11
LH:10
end_of_record
SF:lib\presentation\bloc\movies\movies_popular_bloc\movies_popular_event.dart
DA:4,1
DA:6,0
DA:7,0
LF:3
LH:1
end_of_record
SF:lib\domain\usecases\get_top_rated_movies.dart
DA:9,0
DA:11,0
DA:12,0
LF:3
LH:0
end_of_record
SF:lib\presentation\bloc\movies\movies_top_rated_bloc\movies_top_rated_bloc.dart
DA:13,3
DA:14,2
DA:15,2
DA:16,2
DA:18,1
DA:19,1
DA:20,3
DA:22,1
DA:23,1
DA:24,0
DA:26,2
LF:11
LH:10
end_of_record
SF:lib\presentation\bloc\movies\movies_top_rated_bloc\movies_top_rated_state.dart
DA:5,1
DA:6,1
DA:16,1
DA:18,1
DA:19,2
DA:25,1
DA:27,1
DA:28,1
LF:8
LH:8
end_of_record
SF:lib\presentation\bloc\movies\movies_top_rated_bloc\movies_top_rated_event.dart
DA:4,1
DA:6,0
DA:7,0
LF:3
LH:1
end_of_record
SF:lib\domain\usecases\get_now_playing_tv.dart
DA:9,0
DA:11,0
DA:12,0
LF:3
LH:0
end_of_record
SF:lib\presentation\bloc\tv\tv_now_playing_bloc\tv_now_playing_bloc.dart
DA:13,3
DA:14,2
DA:15,2
DA:16,2
DA:18,1
DA:19,1
DA:20,3
DA:22,1
DA:23,1
DA:24,0
DA:26,2
LF:11
LH:10
end_of_record
SF:lib\presentation\bloc\tv\tv_now_playing_bloc\tv_now_playing_state.dart
DA:5,1
DA:6,1
DA:16,1
DA:18,1
DA:19,2
DA:25,1
DA:27,1
DA:28,1
LF:8
LH:8
end_of_record
SF:lib\presentation\bloc\tv\tv_now_playing_bloc\tv_now_playing_event.dart
DA:4,1
DA:6,0
DA:7,0
LF:3
LH:1
end_of_record
SF:lib\domain\usecases\get_popular_tv.dart
DA:9,0
DA:11,0
DA:12,0
LF:3
LH:0
end_of_record
SF:lib\presentation\bloc\tv\tv_popular_bloc\tv_popular_bloc.dart
DA:13,3
DA:14,2
DA:15,2
DA:16,2
DA:18,1
DA:19,1
DA:20,3
DA:22,1
DA:23,1
DA:24,0
DA:26,2
LF:11
LH:10
end_of_record
SF:lib\presentation\bloc\tv\tv_popular_bloc\tv_popular_state.dart
DA:5,1
DA:6,1
DA:16,1
DA:18,1
DA:19,2
DA:25,1
DA:27,1
DA:28,1
LF:8
LH:8
end_of_record
SF:lib\presentation\bloc\tv\tv_popular_bloc\tv_popular_event.dart
DA:4,1
DA:6,0
DA:7,0
LF:3
LH:1
end_of_record
SF:lib\domain\usecases\get_top_rated_tv.dart
DA:9,0
DA:11,0
DA:12,0
LF:3
LH:0
end_of_record
SF:lib\presentation\bloc\tv\tv_top_rated_bloc\tv_top_rated_state.dart
DA:5,1
DA:6,1
DA:16,1
DA:18,1
DA:19,2
DA:25,1
DA:27,1
DA:28,1
LF:8
LH:8
end_of_record
SF:lib\presentation\bloc\tv\tv_top_rated_bloc\tv_top_rated_event.dart
DA:4,1
DA:6,0
DA:7,0
LF:3
LH:1
end_of_record
SF:lib\presentation\bloc\tv\tv_top_rated_bloc\tv_top_rated_bloc.dart
DA:13,3
DA:14,2
DA:15,2
DA:16,2
DA:18,1
DA:19,1
DA:20,3
DA:22,1
DA:23,1
DA:24,0
DA:26,2
LF:11
LH:10
end_of_record
SF:lib\domain\usecases\search_tv.dart
DA:9,0
DA:11,0
DA:12,0
LF:3
LH:0
end_of_record
SF:lib\presentation\bloc\tv\tv_search_bloc\tv_search_state.dart
DA:4,1
DA:5,1
DA:15,1
DA:17,1
DA:18,2
DA:24,1
DA:26,1
DA:27,1
LF:8
LH:8
end_of_record
SF:lib\presentation\bloc\tv\tv_search_bloc\tv_search_event.dart
DA:4,1
DA:6,0
DA:7,0
DA:13,1
DA:15,0
DA:16,0
DA:19,1
DA:20,3
LF:8
LH:4
end_of_record
SF:lib\presentation\bloc\tv\tv_search_bloc\tv_search_bloc.dart
DA:15,3
DA:16,2
DA:17,1
DA:19,2
DA:20,2
DA:22,1
DA:23,1
DA:24,3
DA:26,1
DA:27,1
DA:28,0
DA:30,2
DA:34,1
DA:36,1
DA:37,0
DA:38,0
LF:16
LH:13
end_of_record
